Determining if the Q_WS_WIN exist failed with the following output:
Change Dir: /home/jan.rosell/kautham.git/build/debug/CMakeFiles/CMakeTmp

Run Build Command:/usr/bin/make "cmTryCompileExec1064581059/fast"
/usr/bin/make -f CMakeFiles/cmTryCompileExec1064581059.dir/build.make CMakeFiles/cmTryCompileExec1064581059.dir/build
make[1]: Entering directory `/home/jan.rosell/kautham.git/build/debug/CMakeFiles/CMakeTmp'
/usr/bin/cmake -E cmake_progress_report /home/jan.rosell/kautham.git/build/debug/CMakeFiles/CMakeTmp/CMakeFiles 1
Building CXX object CMakeFiles/cmTryCompileExec1064581059.dir/CheckSymbolExists.cxx.o
/usr/bin/c++    -I/usr/include/qt4    -o CMakeFiles/cmTryCompileExec1064581059.dir/CheckSymbolExists.cxx.o -c /home/jan.rosell/kautham.git/build/debug/CMakeFiles/CMakeTmp/CheckSymbolExists.cxx
/home/jan.rosell/kautham.git/build/debug/CMakeFiles/CMakeTmp/CheckSymbolExists.cxx: In function ‘int main(int, char**)’:
/home/jan.rosell/kautham.git/build/debug/CMakeFiles/CMakeTmp/CheckSymbolExists.cxx:8:19: error: ‘Q_WS_WIN’ was not declared in this scope
make[1]: Leaving directory `/home/jan.rosell/kautham.git/build/debug/CMakeFiles/CMakeTmp'
make[1]: *** [CMakeFiles/cmTryCompileExec1064581059.dir/CheckSymbolExists.cxx.o] Error 1
make: *** [cmTryCompileExec1064581059/fast] Error 2

File /home/jan.rosell/kautham.git/build/debug/CMakeFiles/CMakeTmp/CheckSymbolExists.cxx:
/* */
#include <QtCore/qglobal.h>

int main(int argc, char** argv)
{
  (void)argv;
#ifndef Q_WS_WIN
  return ((int*)(&Q_WS_WIN))[argc];
#else
  (void)argc;
  return 0;
#endif
}

Determining if the Q_WS_QWS exist failed with the following output:
Change Dir: /home/jan.rosell/kautham.git/build/debug/CMakeFiles/CMakeTmp

Run Build Command:/usr/bin/make "cmTryCompileExec2308261624/fast"
/usr/bin/make -f CMakeFiles/cmTryCompileExec2308261624.dir/build.make CMakeFiles/cmTryCompileExec2308261624.dir/build
make[1]: Entering directory `/home/jan.rosell/kautham.git/build/debug/CMakeFiles/CMakeTmp'
/usr/bin/cmake -E cmake_progress_report /home/jan.rosell/kautham.git/build/debug/CMakeFiles/CMakeTmp/CMakeFiles 1
Building CXX object CMakeFiles/cmTryCompileExec2308261624.dir/CheckSymbolExists.cxx.o
/usr/bin/c++    -I/usr/include/qt4    -o CMakeFiles/cmTryCompileExec2308261624.dir/CheckSymbolExists.cxx.o -c /home/jan.rosell/kautham.git/build/debug/CMakeFiles/CMakeTmp/CheckSymbolExists.cxx
/home/jan.rosell/kautham.git/build/debug/CMakeFiles/CMakeTmp/CheckSymbolExists.cxx: In function ‘int main(int, char**)’:
/home/jan.rosell/kautham.git/build/debug/CMakeFiles/CMakeTmp/CheckSymbolExists.cxx:8:19: error: ‘Q_WS_QWS’ was not declared in this scope
make[1]: Leaving directory `/home/jan.rosell/kautham.git/build/debug/CMakeFiles/CMakeTmp'
make[1]: *** [CMakeFiles/cmTryCompileExec2308261624.dir/CheckSymbolExists.cxx.o] Error 1
make: *** [cmTryCompileExec2308261624/fast] Error 2

File /home/jan.rosell/kautham.git/build/debug/CMakeFiles/CMakeTmp/CheckSymbolExists.cxx:
/* */
#include <QtCore/qglobal.h>

int main(int argc, char** argv)
{
  (void)argv;
#ifndef Q_WS_QWS
  return ((int*)(&Q_WS_QWS))[argc];
#else
  (void)argc;
  return 0;
#endif
}

Determining if the Q_WS_MAC exist failed with the following output:
Change Dir: /home/jan.rosell/kautham.git/build/debug/CMakeFiles/CMakeTmp

Run Build Command:/usr/bin/make "cmTryCompileExec3406806127/fast"
/usr/bin/make -f CMakeFiles/cmTryCompileExec3406806127.dir/build.make CMakeFiles/cmTryCompileExec3406806127.dir/build
make[1]: Entering directory `/home/jan.rosell/kautham.git/build/debug/CMakeFiles/CMakeTmp'
/usr/bin/cmake -E cmake_progress_report /home/jan.rosell/kautham.git/build/debug/CMakeFiles/CMakeTmp/CMakeFiles 1
Building CXX object CMakeFiles/cmTryCompileExec3406806127.dir/CheckSymbolExists.cxx.o
/usr/bin/c++    -I/usr/include/qt4    -o CMakeFiles/cmTryCompileExec3406806127.dir/CheckSymbolExists.cxx.o -c /home/jan.rosell/kautham.git/build/debug/CMakeFiles/CMakeTmp/CheckSymbolExists.cxx
/home/jan.rosell/kautham.git/build/debug/CMakeFiles/CMakeTmp/CheckSymbolExists.cxx: In function ‘int main(int, char**)’:
/home/jan.rosell/kautham.git/build/debug/CMakeFiles/CMakeTmp/CheckSymbolExists.cxx:8:19: error: ‘Q_WS_MAC’ was not declared in this scope
make[1]: Leaving directory `/home/jan.rosell/kautham.git/build/debug/CMakeFiles/CMakeTmp'
make[1]: *** [CMakeFiles/cmTryCompileExec3406806127.dir/CheckSymbolExists.cxx.o] Error 1
make: *** [cmTryCompileExec3406806127/fast] Error 2

File /home/jan.rosell/kautham.git/build/debug/CMakeFiles/CMakeTmp/CheckSymbolExists.cxx:
/* */
#include <QtCore/qglobal.h>

int main(int argc, char** argv)
{
  (void)argv;
#ifndef Q_WS_MAC
  return ((int*)(&Q_WS_MAC))[argc];
#else
  (void)argc;
  return 0;
#endif
}

